INFO:root:Welcome :)

INFO:root:Device used: cuda:0

INFO:root:Only testing, no training!
INFO:root:Loading 9 Constituent models
INFO:root:Model used: prajjwal1/bert-medium
INFO:root:Model used: prajjwal1/bert-medium
INFO:root:Model used: prajjwal1/bert-medium
INFO:root:Model used: roberta-base
INFO:root:Model used: roberta-base
INFO:root:Model used: roberta-base
INFO:root:Model used: bert-base-cased
INFO:root:Model used: bert-base-cased
INFO:root:Model used: bert-base-cased
INFO:root:Model loaded from <== ../results/bert_medium1/model_best_acc.pt
INFO:root:Model loaded from <== ../results/bert_medium2/model_best_acc.pt
INFO:root:Model loaded from <== ../results/bert_medium3/model_best_acc.pt
INFO:root:Model loaded from <== ../results/roberta1/model_best_acc.pt
INFO:root:Model loaded from <== ../results/roberta2/model_best_acc.pt
INFO:root:Model loaded from <== ../results/roberta3/model_best_acc.pt
INFO:root:Model loaded from <== ../results/bert1/model_best_acc.pt
INFO:root:Model loaded from <== ../results/bert2/model_best_acc.pt
INFO:root:Model loaded from <== ../results/bert3/model_best_acc.pt
INFO:root:
Starting analysis for bert_medium_rand_1
INFO:root:
Starting analysis for bert_medium_rand_2
INFO:root:
Starting analysis for bert_medium_rand_3
INFO:root:
Starting analysis for roberta_rand_1
INFO:root:
Starting analysis for roberta_rand_2
INFO:root:
Starting analysis for roberta_rand_3
INFO:root:
Starting analysis for bert_rand_1
INFO:root:
Starting analysis for bert_rand_2
INFO:root:
Starting analysis for bert_rand_3
INFO:root:
Saving all constituent model outputs
INFO:root:Classification Report:
INFO:root:
              precision    recall  f1-score   support

           1     0.1642    0.7627    0.2703        59
           0     0.9571    0.5767    0.7197       541

    accuracy                         0.5950       600
   macro avg     0.5606    0.6697    0.4950       600
weighted avg     0.8791    0.5950    0.6755       600

INFO:root:True Positives: 45
INFO:root:False Positives: 229
INFO:root:True Negatives: 312
INFO:root:False Negatives 14
INFO:root:
Goodbye :)
